-------------------------------------------
Batch: 0
-------------------------------------------
+--------------------+-----+
|            customer|score|
+--------------------+-----+
|Senthil.Olson@tes...|  5.0|
| Jane.Mitra@test.com| 16.5|
|Christina.Doshi@t...|  6.0|
|Angie.Clayton@tes...| 31.0|
|Suresh.Sanchez@te...|  0.0|
|Senthil.Gonzalez@...| -2.0|
|Edward.Lincoln@te...| -3.5|
|Santosh.Clark@tes...| -2.5|
|Larry.Anandh@test...| -5.0|
|  Gail.Huey@test.com| -1.5|
|  Ben.Olson@test.com| -3.5|
|Suresh.Harris@tes...| -3.5|
|Jacob.Jefferson@t...| -3.0|
|Sean.Jefferson@te...| 11.0|
|Neeraj.Jefferson@...| 17.0|
| Spencer.Wu@test.com|  0.0|
|Sarah.Smith@test.com|-16.0|
|  Lyn.Abram@test.com|  3.5|
|Frank.Anandh@test...|-11.0|
|Santosh.Abram@tes...|-12.5|
+--------------------+-----+
only showing top 20 rows

-------------------------------------------
Batch: 1
-------------------------------------------
+--------------------+-----+
|            customer|score|
+--------------------+-----+
|Edward.Phillips@t...|-21.5|
|   Sarah.Wu@test.com| -5.5|
|Edward.Khatib@tes...| -2.0|
|Trevor.Olson@test...| -4.5|
|Ben.Clayton@test.com| -4.0|
|Jacob.Aristotle@t...| -5.0|
|Trevor.Jones@test...| -4.5|
+--------------------+-----+

-------------------------------------------
Batch: 2
-------------------------------------------
+--------------------+-----+
|            customer|score|
+--------------------+-----+
|Lyn.Staples@test.com| -2.0|
+--------------------+-----+

-------------------------------------------
Batch: 3
-------------------------------------------
+-------------------+-----+
|           customer|score|
+-------------------+-----+
|Dan.Harris@test.com|-23.5|
+-------------------+-----+

-------------------------------------------
Batch: 4
-------------------------------------------
+-------------------+-----+
|           customer|score|
+-------------------+-----+
|Dan.Howard@test.com| 12.5|
+-------------------+-----+

-------------------------------------------
Batch: 5
-------------------------------------------
+--------------------+-----+
|            customer|score|
+--------------------+-----+
|Jason.Jackson@tes...| 16.0|
+--------------------+-----+

-------------------------------------------
Batch: 6
-------------------------------------------
+--------------------+-----+
|            customer|score|
+--------------------+-----+
|Santosh.Davis@tes...|-10.5|
+--------------------+-----+

-------------------------------------------
Batch: 7
-------------------------------------------
+--------------------+-----+
|            customer|score|
+--------------------+-----+
|Larry.Jackson@tes...| 26.5|
+--------------------+-----+

-------------------------------------------
Batch: 8
-------------------------------------------
+--------------------+-----+
|            customer|score|
+--------------------+-----+
|Senthil.Anandh@te...|-16.5|
+--------------------+-----+

