-------------------------------------------
Batch: 0
-------------------------------------------
+--------------------+---------+
|               email|birthYear|
+--------------------+---------+
|Christina.Wu@test...|     1965|
|Spencer.Gonzalez@...|     1964|
| Jacob.Huey@test.com|     1963|
|Neeraj.Spencer@te...|     1962|
|Suresh.Huey@test.com|     1961|
|Craig.Phillips@te...|     1960|
|Travis.Sanchez@te...|     1959|
|Jacob.Clayton@tes...|     1958|
|John.Jackson@test...|     1955|
|Travis.Howard@tes...|     1953|
|Larry.Spencer@tes...|     1952|
|Edward.Jefferson@...|     1951|
|Edward.Anandh@tes...|     1950|
|Eric.Jefferson@te...|     1949|
|Jason.Spencer@tes...|     1948|
|David.Smith@test.com|     1947|
|John.Jefferson@te...|     1946|
|Jerry.Howard@test...|     1945|
|Eric.Anderson@tes...|     1944|
|Spencer.Anandh@te...|     1943|
+--------------------+---------+
only showing top 20 rows

-------------------------------------------
Batch: 1
-------------------------------------------
+-----+---------+
|email|birthYear|
+-----+---------+
+-----+---------+

-------------------------------------------
Batch: 2
-------------------------------------------
+-----+---------+
|email|birthYear|
+-----+---------+
+-----+---------+

-------------------------------------------
Batch: 3
-------------------------------------------
+-----+---------+
|email|birthYear|
+-----+---------+
+-----+---------+

-------------------------------------------
Batch: 4
-------------------------------------------
+-----+---------+
|email|birthYear|
+-----+---------+
+-----+---------+

-------------------------------------------
Batch: 5
-------------------------------------------
+-----+---------+
|email|birthYear|
+-----+---------+
+-----+---------+

-------------------------------------------
Batch: 6
-------------------------------------------
+-----+---------+
|email|birthYear|
+-----+---------+
+-----+---------+

-------------------------------------------
Batch: 7
-------------------------------------------
+-----+---------+
|email|birthYear|
+-----+---------+
+-----+---------+

-------------------------------------------
Batch: 8
-------------------------------------------
+-----+---------+
|email|birthYear|
+-----+---------+
+-----+---------+

-------------------------------------------
Batch: 9
-------------------------------------------
+-----+---------+
|email|birthYear|
+-----+---------+
+-----+---------+

-------------------------------------------
Batch: 10
-------------------------------------------
+-----+---------+
|email|birthYear|
+-----+---------+
+-----+---------+

-------------------------------------------
Batch: 11
-------------------------------------------
+-----+---------+
|email|birthYear|
+-----+---------+
+-----+---------+

-------------------------------------------
Batch: 12
-------------------------------------------
+-----+---------+
|email|birthYear|
+-----+---------+
+-----+---------+

-------------------------------------------
Batch: 13
-------------------------------------------
+-----+---------+
|email|birthYear|
+-----+---------+
+-----+---------+

-------------------------------------------
Batch: 14
-------------------------------------------
+-----+---------+
|email|birthYear|
+-----+---------+
+-----+---------+

-------------------------------------------
Batch: 15
-------------------------------------------
+-----+---------+
|email|birthYear|
+-----+---------+
+-----+---------+

-------------------------------------------
Batch: 16
-------------------------------------------
+-----+---------+
|email|birthYear|
+-----+---------+
+-----+---------+

-------------------------------------------
Batch: 17
-------------------------------------------
+-----+---------+
|email|birthYear|
+-----+---------+
+-----+---------+

-------------------------------------------
Batch: 18
-------------------------------------------
+-----+---------+
|email|birthYear|
+-----+---------+
+-----+---------+

-------------------------------------------
Batch: 19
-------------------------------------------
+-----+---------+
|email|birthYear|
+-----+---------+
+-----+---------+

