Spark Command: /usr/lib/jvm/java-8-openjdk-amd64/jre/bin/java -cp /opt/spark-2.3.4-bin-hadoop2.7/conf/:/opt/spark-2.3.4-bin-hadoop2.7/jars/* -Xmx1g org.apache.spark.deploy.master.Master --host b28445eab8c5 --port 7077 --webui-port 8080
========================================
2021-07-21 19:04:11 INFO  Master:2612 - Started daemon with process name: 1628@b28445eab8c5
2021-07-21 19:04:11 INFO  SignalUtils:54 - Registered signal handler for TERM
2021-07-21 19:04:11 INFO  SignalUtils:54 - Registered signal handler for HUP
2021-07-21 19:04:11 INFO  SignalUtils:54 - Registered signal handler for INT
2021-07-21 19:04:13 WARN  NativeCodeLoader:62 - Unable to load native-hadoop library for your platform... using builtin-java classes where applicable
2021-07-21 19:04:14 INFO  SecurityManager:54 - Changing view acls to: root
2021-07-21 19:04:14 INFO  SecurityManager:54 - Changing modify acls to: root
2021-07-21 19:04:14 INFO  SecurityManager:54 - Changing view acls groups to: 
2021-07-21 19:04:14 INFO  SecurityManager:54 - Changing modify acls groups to: 
2021-07-21 19:04:14 INFO  SecurityManager:54 - SecurityManager: authentication disabled; ui acls disabled; users  with view permissions: Set(root); groups with view permissions: Set(); users  with modify permissions: Set(root); groups with modify permissions: Set()
2021-07-21 19:04:15 INFO  Utils:54 - Successfully started service 'sparkMaster' on port 7077.
2021-07-21 19:04:16 INFO  Master:54 - Starting Spark master at spark://b28445eab8c5:7077
2021-07-21 19:04:16 INFO  Master:54 - Running Spark version 2.3.4
2021-07-21 19:04:16 INFO  log:192 - Logging initialized @8944ms
2021-07-21 19:04:16 INFO  Server:351 - jetty-9.3.z-SNAPSHOT, build timestamp: unknown, git hash: unknown
2021-07-21 19:04:16 INFO  Server:419 - Started @9289ms
2021-07-21 19:04:17 INFO  AbstractConnector:278 - Started ServerConnector@2b97a809{HTTP/1.1,[http/1.1]}{0.0.0.0:8080}
2021-07-21 19:04:17 INFO  Utils:54 - Successfully started service 'MasterUI' on port 8080.
2021-07-21 19:04:17 INFO  ContextHandler:781 - Started o.s.j.s.ServletContextHandler@5a410dbf{/app,null,AVAILABLE,@Spark}
2021-07-21 19:04:17 INFO  ContextHandler:781 - Started o.s.j.s.ServletContextHandler@41cfb3bf{/app/json,null,AVAILABLE,@Spark}
2021-07-21 19:04:17 INFO  ContextHandler:781 - Started o.s.j.s.ServletContextHandler@3339ac19{/,null,AVAILABLE,@Spark}
2021-07-21 19:04:17 INFO  ContextHandler:781 - Started o.s.j.s.ServletContextHandler@1556e1b2{/json,null,AVAILABLE,@Spark}
2021-07-21 19:04:17 INFO  ContextHandler:781 - Started o.s.j.s.ServletContextHandler@2938eaec{/static,null,AVAILABLE,@Spark}
2021-07-21 19:04:17 INFO  ContextHandler:781 - Started o.s.j.s.ServletContextHandler@4fc31b4c{/app/kill,null,AVAILABLE,@Spark}
2021-07-21 19:04:17 INFO  ContextHandler:781 - Started o.s.j.s.ServletContextHandler@75131cb8{/driver/kill,null,AVAILABLE,@Spark}
2021-07-21 19:04:17 INFO  MasterWebUI:54 - Bound MasterWebUI to 0.0.0.0, and started at http://b28445eab8c5:8080
2021-07-21 19:04:17 INFO  Server:351 - jetty-9.3.z-SNAPSHOT, build timestamp: unknown, git hash: unknown
2021-07-21 19:04:17 INFO  ContextHandler:781 - Started o.s.j.s.ServletContextHandler@63034d2e{/,null,AVAILABLE}
2021-07-21 19:04:17 INFO  AbstractConnector:278 - Started ServerConnector@5b24c53f{HTTP/1.1,[http/1.1]}{b28445eab8c5:6066}
2021-07-21 19:04:17 INFO  Server:419 - Started @9957ms
2021-07-21 19:04:17 INFO  Utils:54 - Successfully started service on port 6066.
2021-07-21 19:04:17 INFO  StandaloneRestServer:54 - Started REST server for submitting applications on port 6066
2021-07-21 19:04:18 INFO  ContextHandler:781 - Started o.s.j.s.ServletContextHandler@ec5b87c{/metrics/master/json,null,AVAILABLE,@Spark}
2021-07-21 19:04:18 INFO  ContextHandler:781 - Started o.s.j.s.ServletContextHandler@1f571f1c{/metrics/applications/json,null,AVAILABLE,@Spark}
2021-07-21 19:04:18 INFO  Master:54 - I have been elected leader! New state: ALIVE
2021-07-21 19:05:41 INFO  Master:54 - Registering worker 172.18.0.2:40771 with 2 cores, 6.3 GB RAM
